# JRE version: Java(TM) SE Runtime Environment (8.0) (build 1.8.0_361-b09)
# Java VM: Java HotSpot(TM) Client VM (25.361-b09 mixed mode windows-x86 )
Heap:
 def new generation   total 8064K, used 3545K [0x05200000, 0x05ab0000, 0x0a750000)
  eden space 7232K,  42% used [0x05200000, 0x054fde20, 0x05910000)
  from space 832K,  57% used [0x05910000, 0x059889d0, 0x059e0000)
  to   space 832K,   0% used [0x059e0000, 0x059e0000, 0x05ab0000)
 tenured generation   total 17704K, used 11586K [0x0a750000, 0x0b89a000, 0x15200000)
   the space 17704K,  65% used [0x0a750000, 0x0b2a0810, 0x0b2a0a00, 0x0b89a000)
 Metaspace       used 11748K, capacity 12667K, committed 12672K, reserved 12672K
GC Heap History (10 events):
Event: 1.032 GC heap before
{Heap before GC invocations=49 (full 0):
 def new generation   total 4928K, used 4928K [0x05200000, 0x05750000, 0x0a750000)
  eden space 4416K, 100% used [0x05200000, 0x05650000, 0x05650000)
  from space 512K, 100% used [0x056d0000, 0x05750000, 0x05750000)
  to   space 512K,   0% used [0x05650000, 0x05650000, 0x056d0000)
 tenured generation   total 10944K, used 8733K [0x0a750000, 0x0b200000, 0x15200000)
   the space 10944K,  79% used [0x0a750000, 0x0afd75b0, 0x0afd7600, 0x0b200000)
 Metaspace       used 8970K, capacity 9256K, committed 9344K, reserved 9600K
Event: 1.034 GC heap after
Heap after GC invocations=50 (full 0):
 def new generation   total 4928K, used 512K [0x05200000, 0x05750000, 0x0a750000)
  eden space 4416K,   0% used [0x05200000, 0x05200000, 0x05650000)
  from space 512K, 100% used [0x05650000, 0x056d0000, 0x056d0000)
  to   space 512K,   0% used [0x056d0000, 0x056d0000, 0x05750000)
 tenured generation   total 10944K, used 9792K [0x0a750000, 0x0b200000, 0x15200000)
   the space 10944K,  89% used [0x0a750000, 0x0b0e0198, 0x0b0e0200, 0x0b200000)
 Metaspace       used 8970K, capacity 9256K, committed 9344K, reserved 9600K
}
Event: 1.102 GC heap before
{Heap before GC invocations=50 (full 0):
 def new generation   total 4928K, used 4928K [0x05200000, 0x05750000, 0x0a750000)
  eden space 4416K, 100% used [0x05200000, 0x05650000, 0x05650000)
  from space 512K, 100% used [0x05650000, 0x056d0000, 0x056d0000)
  to   space 512K,   0% used [0x056d0000, 0x056d0000, 0x05750000)
 tenured generation   total 10944K, used 9792K [0x0a750000, 0x0b200000, 0x15200000)
   the space 10944K,  89% used [0x0a750000, 0x0b0e0198, 0x0b0e0200, 0x0b200000)
 Metaspace       used 9624K, capacity 10108K, committed 10112K, reserved 10624K
Event: 1.104 GC heap after
Heap after GC invocations=51 (full 0):
 def new generation   total 4928K, used 511K [0x05200000, 0x05750000, 0x0a750000)
  eden space 4416K,   0% used [0x05200000, 0x05200000, 0x05650000)
  from space 512K,  99% used [0x056d0000, 0x0574fff8, 0x05750000)
  to   space 512K,   0% used [0x05650000, 0x05650000, 0x056d0000)
 tenured generation   total 10944K, used 10508K [0x0a750000, 0x0b200000, 0x15200000)
   the space 10944K,  96% used [0x0a750000, 0x0b1931c8, 0x0b193200, 0x0b200000)
 Metaspace       used 9624K, capacity 10108K, committed 10112K, reserved 10624K
}
Event: 1.169 GC heap before
{Heap before GC invocations=51 (full 0):
 def new generation   total 4928K, used 4927K [0x05200000, 0x05750000, 0x0a750000)
  eden space 4416K, 100% used [0x05200000, 0x05650000, 0x05650000)
  from space 512K,  99% used [0x056d0000, 0x0574fff8, 0x05750000)
  to   space 512K,   0% used [0x05650000, 0x05650000, 0x056d0000)
 tenured generation   total 10944K, used 10508K [0x0a750000, 0x0b200000, 0x15200000)
   the space 10944K,  96% used [0x0a750000, 0x0b1931c8, 0x0b193200, 0x0b200000)
 Metaspace       used 10272K, capacity 11022K, committed 11136K, reserved 11648K
Event: 1.179 GC heap after
Heap after GC invocations=52 (full 1):
 def new generation   total 8064K, used 0K [0x05200000, 0x05ab0000, 0x0a750000)
  eden space 7232K,   0% used [0x05200000, 0x05200000, 0x05910000)
  from space 832K,   0% used [0x05910000, 0x05910000, 0x059e0000)
  to   space 832K,   0% used [0x059e0000, 0x059e0000, 0x05ab0000)
 tenured generation   total 17704K, used 10620K [0x0a750000, 0x0b89a000, 0x15200000)
   the space 17704K,  59% used [0x0a750000, 0x0b1af390, 0x0b1af400, 0x0b89a000)
 Metaspace       used 10272K, capacity 11022K, committed 11136K, reserved 11648K
}
Event: 1.289 GC heap before
{Heap before GC invocations=52 (full 1):
 def new generation   total 8064K, used 7232K [0x05200000, 0x05ab0000, 0x0a750000)
  eden space 7232K, 100% used [0x05200000, 0x05910000, 0x05910000)
  from space 832K,   0% used [0x05910000, 0x05910000, 0x059e0000)
  to   space 832K,   0% used [0x059e0000, 0x059e0000, 0x05ab0000)
 tenured generation   total 17704K, used 10620K [0x0a750000, 0x0b89a000, 0x15200000)
   the space 17704K,  59% used [0x0a750000, 0x0b1af390, 0x0b1af400, 0x0b89a000)
 Metaspace       used 11389K, capacity 12232K, committed 12288K, reserved 12672K
Event: 1.291 GC heap after
Heap after GC invocations=53 (full 1):
 def new generation   total 8064K, used 831K [0x05200000, 0x05ab0000, 0x0a750000)
  eden space 7232K,   0% used [0x05200000, 0x05200000, 0x05910000)
  from space 832K,  99% used [0x059e0000, 0x05aafff8, 0x05ab0000)
  to   space 832K,   0% used [0x05910000, 0x05910000, 0x059e0000)
 tenured generation   total 17704K, used 11227K [0x0a750000, 0x0b89a000, 0x15200000)
   the space 17704K,  63% used [0x0a750000, 0x0b246e48, 0x0b247000, 0x0b89a000)
 Metaspace       used 11389K, capacity 12232K, committed 12288K, reserved 12672K
}
Event: 1.748 GC heap before
{Heap before GC invocations=53 (full 1):
 def new generation   total 8064K, used 8063K [0x05200000, 0x05ab0000, 0x0a750000)
  eden space 7232K, 100% used [0x05200000, 0x05910000, 0x05910000)
  from space 832K,  99% used [0x059e0000, 0x05aafff8, 0x05ab0000)
  to   space 832K,   0% used [0x05910000, 0x05910000, 0x059e0000)
 tenured generation   total 17704K, used 11227K [0x0a750000, 0x0b89a000, 0x15200000)
   the space 17704K,  63% used [0x0a750000, 0x0b246e48, 0x0b247000, 0x0b89a000)
 Metaspace       used 11719K, capacity 12667K, committed 12672K, reserved 12672K
Event: 1.750 GC heap after
Heap after GC invocations=54 (full 1):
 def new generation   total 8064K, used 482K [0x05200000, 0x05ab0000, 0x0a750000)
  eden space 7232K,   0% used [0x05200000, 0x05200000, 0x05910000)
  from space 832K,  57% used [0x05910000, 0x059889d0, 0x059e0000)
  to   space 832K,   0% used [0x059e0000, 0x059e0000, 0x05ab0000)
 tenured generation   total 17704K, used 11586K [0x0a750000, 0x0b89a000, 0x15200000)
   the space 17704K,  65% used [0x0a750000, 0x0b2a0810, 0x0b2a0a00, 0x0b89a000)
 Metaspace       used 11719K, capacity 12667K, committed 12672K, reserved 12672K
}

